* using log directory ‘/Users/sjobergd/Documents/GitHub/dcurves/revdep/checks.noindex/clinpubr/old/clinpubr.Rcheck’
* using R version 4.5.1 (2025-06-13)
* using platform: aarch64-apple-darwin20
* R was compiled by
    Apple clang version 16.0.0 (clang-1600.0.26.6)
    GNU Fortran (GCC) 14.2.0
* running under: macOS Ventura 13.6.9
* using session charset: UTF-8
* using options ‘--no-manual --no-build-vignettes’
* checking for file ‘clinpubr/DESCRIPTION’ ... OK
* this is package ‘clinpubr’ version ‘1.1.0’
* package encoding: UTF-8
* checking package namespace information ... OK
* checking package dependencies ... OK
* checking if this is a source package ... OK
* checking if there is a namespace ... OK
* checking for executable files ... OK
* checking for hidden files and directories ... OK
* checking for portable file names ... OK
* checking for sufficient/correct file permissions ... OK
* checking whether package ‘clinpubr’ can be installed ... OK
* checking installed package size ... OK
* checking package directory ... OK
* checking DESCRIPTION meta-information ... OK
* checking top-level files ... OK
* checking for left-over files ... OK
* checking index information ... OK
* checking package subdirectories ... OK
* checking code files for non-ASCII characters ... OK
* checking R files for syntax errors ... OK
* checking whether the package can be loaded ... OK
* checking whether the package can be loaded with stated dependencies ... OK
* checking whether the package can be unloaded cleanly ... OK
* checking whether the namespace can be loaded with stated dependencies ... OK
* checking whether the namespace can be unloaded cleanly ... OK
* checking loading without being on the library search path ... OK
* checking dependencies in R code ... OK
* checking S3 generic/method consistency ... OK
* checking replacement functions ... OK
* checking foreign function calls ... OK
* checking R code for possible problems ... OK
* checking Rd files ... OK
* checking Rd metadata ... OK
* checking Rd cross-references ... OK
* checking for missing documentation entries ... OK
* checking for code/documentation mismatches ... OK
* checking Rd \usage sections ... OK
* checking Rd contents ... OK
* checking for unstated dependencies in examples ... OK
* checking examples ... OK
* checking for unstated dependencies in ‘tests’ ... OK
* checking tests ... ERROR
  Running ‘testthat.R’
Running the tests in ‘tests/testthat.R’ failed.
Last 13 lines of output:
   3. │   └─base::force(code)
   4. └─vdiffr::expect_doppelganger("Logistic model RCS plot", result) at test-rcs_plot.R:39:5
   5.   ├─base::withCallingHandlers(...)
   6.   └─testthat::expect_snapshot_file(...)
  
  ── Snapshots ───────────────────────────────────────────────────────────────────
  To review and process snapshots locally:
  * Locate check directory.
  * Copy 'tests/testthat/_snaps' to local package.
  * Run `testthat::snapshot_accept()` to accept all changes.
  * Run `testthat::snapshot_review()` to review all changes.
  [ FAIL 3 | WARN 18 | SKIP 0 | PASS 399 ]
  Error:
  ! Test failures.
  Execution halted
* DONE
Status: 1 ERROR
