* using log directory ‘/Users/sjobergd/Documents/GitHub/dcurves/revdep/checks.noindex/pminternal/new/pminternal.Rcheck’
* using R version 4.5.1 (2025-06-13)
* using platform: aarch64-apple-darwin20
* R was compiled by
    Apple clang version 16.0.0 (clang-1600.0.26.6)
    GNU Fortran (GCC) 14.2.0
* running under: macOS Ventura 13.6.9
* using session charset: UTF-8
* using options ‘--no-manual --no-build-vignettes’
* checking for file ‘pminternal/DESCRIPTION’ ... OK
* this is package ‘pminternal’ version ‘0.1.0’
* package encoding: UTF-8
* checking package namespace information ... OK
* checking package dependencies ... OK
* checking if this is a source package ... OK
* checking if there is a namespace ... OK
* checking for executable files ... OK
* checking for hidden files and directories ... OK
* checking for portable file names ... OK
* checking for sufficient/correct file permissions ... OK
* checking whether package ‘pminternal’ can be installed ... OK
* checking installed package size ... OK
* checking package directory ... OK
* checking ‘build’ directory ... OK
* checking DESCRIPTION meta-information ... OK
* checking top-level files ... OK
* checking for left-over files ... OK
* checking index information ... OK
* checking package subdirectories ... OK
* checking code files for non-ASCII characters ... OK
* checking R files for syntax errors ... OK
* checking whether the package can be loaded ... OK
* checking whether the package can be loaded with stated dependencies ... OK
* checking whether the package can be unloaded cleanly ... OK
* checking whether the namespace can be loaded with stated dependencies ... OK
* checking whether the namespace can be unloaded cleanly ... OK
* checking loading without being on the library search path ... OK
* checking dependencies in R code ... OK
* checking S3 generic/method consistency ... OK
* checking replacement functions ... OK
* checking foreign function calls ... OK
* checking R code for possible problems ... OK
* checking Rd files ... OK
* checking Rd metadata ... OK
* checking Rd cross-references ... OK
* checking for missing documentation entries ... OK
* checking for code/documentation mismatches ... OK
* checking Rd \usage sections ... OK
* checking Rd contents ... OK
* checking for unstated dependencies in examples ... OK
* checking installed files from ‘inst/doc’ ... OK
* checking files in ‘vignettes’ ... OK
* checking examples ... ERROR
Running examples in ‘pminternal-Ex.R’ failed
The error most likely occurred in:

> ### Name: boot_optimism
> ### Title: Calculate optimism and bias-corrected scores via bootstrap
> ###   resampling
> ### Aliases: boot_optimism
> 
> ### ** Examples
> 
> library(pminternal)
> set.seed(456)
> # simulate data with two predictors that interact
> dat <- pmcalibration::sim_dat(N = 1000, a1 = -2, a3 = -.3)
> mean(dat$y)
[1] 0.186
> dat$LP <- NULL # remove linear predictor
> 
> # fit a (misspecified) logistic regression model
> model_fun <- function(data, ...){
+   glm(y ~ x1 + x2, data=data, family="binomial")
+ }
> 
> pred_fun <- function(model, data, ...){
+   predict(model, newdata=data, type="response")
+ }
> 
> boot_optimism(data=dat, outcome="y", model_fun=model_fun, pred_fun=pred_fun,
+               method="boot", B=20) # B set to 20 for example but should be >= 200
Error in serverSocket(port = port) : 
  creation of server socket failed: port 11465 cannot be opened
Calls: boot_optimism -> <Anonymous> -> makePSOCKcluster -> serverSocket
Execution halted
* checking for unstated dependencies in vignettes ... OK
* checking package vignettes ... OK
* checking running R code from vignettes ... OK
  ‘missing-data.Rmd’ using ‘UTF-8’... OK
  ‘pminternal.Rmd’ using ‘UTF-8’... OK
  ‘validate-examples.Rmd’ using ‘UTF-8’... OK
* checking re-building of vignette outputs ... SKIPPED
* DONE
Status: 1 ERROR
